<?xml version="1.0" encoding="UTF-8"?>
<!-- Generated by org.testng.reporters.JUnitReportReporter -->
<testsuite hostname="IN-4FVNVT2" failures="0" tests="2" name="com.lexmark.mvproj1.AppTest" time="0.026" errors="0" timestamp="2022-12-28T08:55:49 IST" skipped="0">
  <testcase classname="com.lexmark.mvproj1.AppTest" name="testlogin1" time="0.024"/>
  <system-out/>
  <testcase classname="com.lexmark.mvproj1.AppTest" name="testlogin2" time="0.002"/>
  <system-out/>
</testsuite> <!-- com.lexmark.mvproj1.AppTest -->
