<?xml version="1.0" encoding="UTF-8"?>
<!-- Generated by org.testng.reporters.JUnitReportReporter -->
<testsuite hostname="IN-4FVNVT2" failures="0" tests="2" name="com.lexmark.mvproj1.AppTest" time="0.010" errors="0" timestamp="2023-01-05T14:55:19 IST" skipped="0">
  <testcase classname="com.lexmark.mvproj1.AppTest" name="testlogin2" time="0.000"/>
  <system-out/>
  <testcase classname="com.lexmark.mvproj1.AppTest" name="testlogin1" time="0.010"/>
  <system-out/>
</testsuite> <!-- com.lexmark.mvproj1.AppTest -->
